# JRE version: OpenJDK Runtime Environment (8.0_222-b10) (build 1.8.0_222-b10)
# Java VM: OpenJDK 64-Bit Server VM (25.222-b10 mixed mode bsd-amd64 compressed oops)
Heap:
 PSYoungGen      total 146432K, used 42413K [0x00000007e5d80000, 0x00000007f0800000, 0x00000007f0800000)
  eden space 135680K, 23% used [0x00000007e5d80000,0x00000007e7c6d310,0x00000007ee200000)
  from space 10752K, 99% used [0x00000007efd80000,0x00000007f07fe438,0x00000007f0800000)
  to   space 19456K, 0% used [0x00000007ee200000,0x00000007ee200000,0x00000007ef500000)
 ParOldGen       total 175104K, used 27790K [0x00000007d0800000, 0x00000007db300000, 0x00000007e5d80000)
  object space 175104K, 15% used [0x00000007d0800000,0x00000007d2323870,0x00000007db300000)
 Metaspace       used 49101K, capacity 50318K, committed 50432K, reserved 1093632K
  class space    used 6493K, capacity 6900K, committed 6912K, reserved 1048576K
GC Heap History (10 events):
Event: 2.879 GC heap before
{Heap before GC invocations=4 (full 1):
 PSYoungGen      total 141824K, used 10720K [0x00000007e5d80000, 0x00000007f0800000, 0x00000007f0800000)
  eden space 131072K, 0% used [0x00000007e5d80000,0x00000007e5d80000,0x00000007edd80000)
  from space 10752K, 99% used [0x00000007edd80000,0x00000007ee7f80f0,0x00000007ee800000)
  to   space 10752K, 0% used [0x00000007efd80000,0x00000007efd80000,0x00000007f0800000)
 ParOldGen       total 175104K, used 32K [0x00000007d0800000, 0x00000007db300000, 0x00000007e5d80000)
  object space 175104K, 0% used [0x00000007d0800000,0x00000007d0808000,0x00000007db300000)
 Metaspace       used 20660K, capacity 21018K, committed 21248K, reserved 1067008K
  class space    used 2874K, capacity 3025K, committed 3072K, reserved 1048576K
Event: 2.926 GC heap after
Heap after GC invocations=4 (full 1):
 PSYoungGen      total 141824K, used 0K [0x00000007e5d80000, 0x00000007f0800000, 0x00000007f0800000)
  eden space 131072K, 0% used [0x00000007e5d80000,0x00000007e5d80000,0x00000007edd80000)
  from space 10752K, 0% used [0x00000007edd80000,0x00000007edd80000,0x00000007ee800000)
  to   space 10752K, 0% used [0x00000007efd80000,0x00000007efd80000,0x00000007f0800000)
 ParOldGen       total 175104K, used 10372K [0x00000007d0800000, 0x00000007db300000, 0x00000007e5d80000)
  object space 175104K, 5% used [0x00000007d0800000,0x00000007d1221238,0x00000007db300000)
 Metaspace       used 20660K, capacity 21018K, committed 21248K, reserved 1067008K
  class space    used 2874K, capacity 3025K, committed 3072K, reserved 1048576K
}
Event: 6.487 GC heap before
{Heap before GC invocations=5 (full 1):
 PSYoungGen      total 141824K, used 131072K [0x00000007e5d80000, 0x00000007f0800000, 0x00000007f0800000)
  eden space 131072K, 100% used [0x00000007e5d80000,0x00000007edd80000,0x00000007edd80000)
  from space 10752K, 0% used [0x00000007edd80000,0x00000007edd80000,0x00000007ee800000)
  to   space 10752K, 0% used [0x00000007efd80000,0x00000007efd80000,0x00000007f0800000)
 ParOldGen       total 175104K, used 10372K [0x00000007d0800000, 0x00000007db300000, 0x00000007e5d80000)
  object space 175104K, 5% used [0x00000007d0800000,0x00000007d1221238,0x00000007db300000)
 Metaspace       used 30676K, capacity 31234K, committed 31616K, reserved 1077248K
  class space    used 4208K, capacity 4443K, committed 4480K, reserved 1048576K
Event: 6.502 GC heap after
Heap after GC invocations=5 (full 1):
 PSYoungGen      total 163840K, used 10750K [0x00000007e5d80000, 0x00000007f0800000, 0x00000007f0800000)
  eden space 153088K, 0% used [0x00000007e5d80000,0x00000007e5d80000,0x00000007ef300000)
  from space 10752K, 99% used [0x00000007efd80000,0x00000007f07ff880,0x00000007f0800000)
  to   space 10752K, 0% used [0x00000007ef300000,0x00000007ef300000,0x00000007efd80000)
 ParOldGen       total 175104K, used 12676K [0x00000007d0800000, 0x00000007db300000, 0x00000007e5d80000)
  object space 175104K, 7% used [0x00000007d0800000,0x00000007d14612e8,0x00000007db300000)
 Metaspace       used 30676K, capacity 31234K, committed 31616K, reserved 1077248K
  class space    used 4208K, capacity 4443K, committed 4480K, reserved 1048576K
}
Event: 7.646 GC heap before
{Heap before GC invocations=6 (full 1):
 PSYoungGen      total 163840K, used 86596K [0x00000007e5d80000, 0x00000007f0800000, 0x00000007f0800000)
  eden space 153088K, 49% used [0x00000007e5d80000,0x00000007ea791b00,0x00000007ef300000)
  from space 10752K, 99% used [0x00000007efd80000,0x00000007f07ff880,0x00000007f0800000)
  to   space 10752K, 0% used [0x00000007ef300000,0x00000007ef300000,0x00000007efd80000)
 ParOldGen       total 175104K, used 12676K [0x00000007d0800000, 0x00000007db300000, 0x00000007e5d80000)
  object space 175104K, 7% used [0x00000007d0800000,0x00000007d14612e8,0x00000007db300000)
 Metaspace       used 34381K, capacity 35200K, committed 35416K, reserved 1079296K
  class space    used 4744K, capacity 5012K, committed 5120K, reserved 1048576K
Event: 7.670 GC heap after
Heap after GC invocations=6 (full 1):
 PSYoungGen      total 163840K, used 10737K [0x00000007e5d80000, 0x00000007f0800000, 0x00000007f0800000)
  eden space 153088K, 0% used [0x00000007e5d80000,0x00000007e5d80000,0x00000007ef300000)
  from space 10752K, 99% used [0x00000007ef300000,0x00000007efd7c740,0x00000007efd80000)
  to   space 10752K, 0% used [0x00000007efd80000,0x00000007efd80000,0x00000007f0800000)
 ParOldGen       total 175104K, used 15208K [0x00000007d0800000, 0x00000007db300000, 0x00000007e5d80000)
  object space 175104K, 8% used [0x00000007d0800000,0x00000007d16da310,0x00000007db300000)
 Metaspace       used 34381K, capacity 35200K, committed 35416K, reserved 1079296K
  class space    used 4744K, capacity 5012K, committed 5120K, reserved 1048576K
}
Event: 7.670 GC heap before
{Heap before GC invocations=7 (full 2):
 PSYoungGen      total 163840K, used 10737K [0x00000007e5d80000, 0x00000007f0800000, 0x00000007f0800000)
  eden space 153088K, 0% used [0x00000007e5d80000,0x00000007e5d80000,0x00000007ef300000)
  from space 10752K, 99% used [0x00000007ef300000,0x00000007efd7c740,0x00000007efd80000)
  to   space 10752K, 0% used [0x00000007efd80000,0x00000007efd80000,0x00000007f0800000)
 ParOldGen       total 175104K, used 15208K [0x00000007d0800000, 0x00000007db300000, 0x00000007e5d80000)
  object space 175104K, 8% used [0x00000007d0800000,0x00000007d16da310,0x00000007db300000)
 Metaspace       used 34381K, capacity 35200K, committed 35416K, reserved 1079296K
  class space    used 4744K, capacity 5012K, committed 5120K, reserved 1048576K
Event: 7.744 GC heap after
Heap after GC invocations=7 (full 2):
 PSYoungGen      total 163840K, used 0K [0x00000007e5d80000, 0x00000007f0800000, 0x00000007f0800000)
  eden space 153088K, 0% used [0x00000007e5d80000,0x00000007e5d80000,0x00000007ef300000)
  from space 10752K, 0% used [0x00000007ef300000,0x00000007ef300000,0x00000007efd80000)
  to   space 10752K, 0% used [0x00000007efd80000,0x00000007efd80000,0x00000007f0800000)
 ParOldGen       total 175104K, used 19858K [0x00000007d0800000, 0x00000007db300000, 0x00000007e5d80000)
  object space 175104K, 11% used [0x00000007d0800000,0x00000007d1b64a38,0x00000007db300000)
 Metaspace       used 34366K, capacity 35152K, committed 35416K, reserved 1079296K
  class space    used 4740K, capacity 5004K, committed 5120K, reserved 1048576K
}
Event: 10.594 GC heap before
{Heap before GC invocations=8 (full 2):
 PSYoungGen      total 163840K, used 153088K [0x00000007e5d80000, 0x00000007f0800000, 0x00000007f0800000)
  eden space 153088K, 100% used [0x00000007e5d80000,0x00000007ef300000,0x00000007ef300000)
  from space 10752K, 0% used [0x00000007ef300000,0x00000007ef300000,0x00000007efd80000)
  to   space 10752K, 0% used [0x00000007efd80000,0x00000007efd80000,0x00000007f0800000)
 ParOldGen       total 175104K, used 19858K [0x00000007d0800000, 0x00000007db300000, 0x00000007e5d80000)
  object space 175104K, 11% used [0x00000007d0800000,0x00000007d1b64a38,0x00000007db300000)
 Metaspace       used 48563K, capacity 49822K, committed 50176K, reserved 1093632K
  class space    used 6397K, capacity 6797K, committed 6912K, reserved 1048576K
Event: 10.614 GC heap after
Heap after GC invocations=8 (full 2):
 PSYoungGen      total 146432K, used 10745K [0x00000007e5d80000, 0x00000007f0800000, 0x00000007f0800000)
  eden space 135680K, 0% used [0x00000007e5d80000,0x00000007e5d80000,0x00000007ee200000)
  from space 10752K, 99% used [0x00000007efd80000,0x00000007f07fe438,0x00000007f0800000)
  to   space 19456K, 0% used [0x00000007ee200000,0x00000007ee200000,0x00000007ef500000)
 ParOldGen       total 175104K, used 27790K [0x00000007d0800000, 0x00000007db300000, 0x00000007e5d80000)
  object space 175104K, 15% used [0x00000007d0800000,0x00000007d2323870,0x00000007db300000)
 Metaspace       used 48563K, capacity 49822K, committed 50176K, reserved 1093632K
  class space    used 6397K, capacity 6797K, committed 6912K, reserved 1048576K
}

